./data/orfs

[1] "./data/orfs/_all_orfs.fa"                        
[2] "./data/orfs/_all_orfs_sorted_by_median_length.fa"
[1] "sorting sequences by closeness to median length in file ./data/orfs/_all_orfs.fa output in file ./data/orfs/_all_orfs_sorted_by_median_length.fa"
Error in read.table(input_file, sep = "\t", header = FALSE) : 
  no lines available in input
Execution halted

Fatal Error:
Failed to open the database file
Program halted !!

================================================================
Program: CD-HIT, V4.6 (+OpenMP), Oct 28 2015, 12:15:59
Command: cd-hit-v4.6.1-2012-08-27/cd-hit -i
         ./data/orfs/_all_orfs_sorted_by_median_length.fa -o
         ./data/orfs/_cd_hit.txt -c 1.00 -n 5

Started: Wed Oct 28 12:22:19 2015
================================================================
                            Output                              
----------------------------------------------------------------
./data/orfs/Acidaminococcus
Acidaminococcus
[1] "./data/orfs/Acidaminococcus/Acidaminococcus_all_orfs.fa"                        
[2] "./data/orfs/Acidaminococcus/Acidaminococcus_all_orfs_sorted_by_median_length.fa"
[1] "sorting sequences by closeness to median length in file ./data/orfs/Acidaminococcus/Acidaminococcus_all_orfs.fa output in file ./data/orfs/Acidaminococcus/Acidaminococcus_all_orfs_sorted_by_median_length.fa"
================================================================
Program: CD-HIT, V4.6 (+OpenMP), Oct 28 2015, 12:15:59
Command: cd-hit-v4.6.1-2012-08-27/cd-hit -i
         ./data/orfs/Acidaminococcus/Acidaminococcus_all_orfs_sorted_by_median_length.fa
         -o
         ./data/orfs/Acidaminococcus/Acidaminococcus_cd_hit.txt
         -c 1.00 -n 5

Started: Wed Oct 28 12:22:23 2015
================================================================
                            Output                              
----------------------------------------------------------------
total seq: 18013
longest and shortest : 26340 and 61
Total letters: 16792709
Sequences have been sorted

Approximated minimal memory consumption:
Sequence        : 19M
Buffer          : 1 X 16M = 16M
Table           : 1 X 65M = 65M
Miscellaneous   : 0M
Total           : 101M

Table limit with the given memory limit:
Max number of representatives: 535311
Max number of word counting entries: 87345422

comparing sequences from          0  to      18013
....................    10000  finished       6351  clusters
........
    18013  finished      11280  clusters

Apprixmated maximum memory consumption: 143M
writing new database
writing clustering information
program completed !

Total CPU time 174.65
./data/orfs/Acinetobacter
Acinetobacter
[1] "./data/orfs/Acinetobacter/Acinetobacter_all_orfs.fa"                        
[2] "./data/orfs/Acinetobacter/Acinetobacter_all_orfs_sorted_by_median_length.fa"
[1] "sorting sequences by closeness to median length in file ./data/orfs/Acinetobacter/Acinetobacter_all_orfs.fa output in file ./data/orfs/Acinetobacter/Acinetobacter_all_orfs_sorted_by_median_length.fa"
================================================================
Program: CD-HIT, V4.6 (+OpenMP), Oct 28 2015, 12:15:59
Command: cd-hit-v4.6.1-2012-08-27/cd-hit -i
         ./data/orfs/Acinetobacter/Acinetobacter_all_orfs_sorted_by_median_length.fa
         -o ./data/orfs/Acinetobacter/Acinetobacter_cd_hit.txt
         -c 1.00 -n 5

Started: Wed Oct 28 12:25:26 2015
================================================================
                            Output                              
----------------------------------------------------------------
total seq: 33746
longest and shortest : 490289 and 12
Total letters: 34101782
Sequences have been sorted

Approximated minimal memory consumption:
Sequence        : 38M
Buffer          : 1 X 115M = 115M
Table           : 1 X 65M = 65M
Miscellaneous   : 0M
Total           : 219M

Table limit with the given memory limit:
Max number of representatives: 319715
Max number of word counting entries: 72506998

comparing sequences from          0  to      33746
