./data/genomes/GCA_000003135.1_ASM313v1_feature_table.txt
GCA_000003135.1_ASM313v1
Bifidobacterium
2110 ORFS output into data/orfs/Bifidobacterium/GCA_000003135.1_ASM313v1_orfs.fa./data/genomes/GCA_000006845.1_ASM684v1_feature_table.txt
GCA_000006845.1_ASM684v1
Neisseria
2003 ORFS output into data/orfs/Neisseria/GCA_000006845.1_ASM684v1_orfs.fa./data/genomes/GCA_000006925.2_ASM692v2_feature_table.txt
GCA_000006925.2_ASM692v2
Shigella
4706 ORFS output into data/orfs/Shigella/GCA_000006925.2_ASM692v2_orfs.fa./data/genomes/GCA_000007525.1_ASM752v1_feature_table.txt
GCA_000007525.1_ASM752v1
Bifidobacterium
1730 ORFS output into data/orfs/Bifidobacterium/GCA_000007525.1_ASM752v1_orfs.fa./data/genomes/GCA_000008725.1_ASM872v1_feature_table.txt
GCA_000008725.1_ASM872v1
Chlamydia
895 ORFS output into data/orfs/Chlamydia/GCA_000008725.1_ASM872v1_orfs.fa./data/genomes/GCA_000008925.1_ASM892v1_feature_table.txt
GCA_000008925.1_ASM892v1
Lactobacillus
2015 ORFS output into data/orfs/Lactobacillus/GCA_000008925.1_ASM892v1_orfs.fa./data/genomes/GCA_000009125.1_ASM912v1_feature_table.txt
GCA_000009125.1_ASM912v1
Ralstonia
5121 ORFS output into data/orfs/Ralstonia/GCA_000009125.1_ASM912v1_orfs.fa./data/genomes/GCA_000009345.1_ASM934v1_feature_table.txt
GCA_000009345.1_ASM934v1
Yersinia
4150 ORFS output into data/orfs/Yersinia/GCA_000009345.1_ASM934v1_orfs.fa./data/genomes/GCA_000009545.1_ASM954v1_feature_table.txt
GCA_000009545.1_ASM954v1
Streptococcus
1826 ORFS output into data/orfs/Streptococcus/GCA_000009545.1_ASM954v1_orfs.fa./data/genomes/GCA_000009925.1_ASM992v1_feature_table.txt
GCA_000009925.1_ASM992v1
Bacteroides
4626 ORFS output into data/orfs/Bacteroides/GCA_000009925.1_ASM992v1_orfs.fa./data/genomes/GCA_000010425.1_ASM1042v1_feature_table.txt
GCA_000010425.1_ASM1042v1
Bifidobacterium
1632 ORFS output into data/orfs/Bifidobacterium/GCA_000010425.1_ASM1042v1_orfs.fa./data/genomes/GCA_000010765.1_ASM1076v1_feature_table.txt
GCA_000010765.1_ASM1076v1
Escherichia
5733 ORFS output into data/orfs/Escherichia/GCA_000010765.1_ASM1076v1_orfs.fa./data/genomes/GCA_000011065.1_ASM1106v1_feature_table.txt
GCA_000011065.1_ASM1106v1
Bacteroides
4826 ORFS output into data/orfs/Bacteroides/GCA_000011065.1_ASM1106v1_orfs.fa./data/genomes/GCA_000011845.1_ASM1184v1_feature_table.txt
GCA_000011845.1_ASM1184v1
Streptococcus
1916 ORFS output into data/orfs/Streptococcus/GCA_000011845.1_ASM1184v1_orfs.fa./data/genomes/GCA_000011985.1_ASM1198v1_feature_table.txt
GCA_000011985.1_ASM1198v1
Lactobacillus
1863 ORFS output into data/orfs/Lactobacillus/GCA_000011985.1_ASM1198v1_orfs.fa./data/genomes/GCA_000012025.1_ASM1202v1_feature_table.txt
GCA_000012025.1_ASM1202v1
Shigella
4291 ORFS output into data/orfs/Shigella/GCA_000012025.1_ASM1202v1_orfs.fa./data/genomes/GCA_000012825.1_ASM1282v1_feature_table.txt
GCA_000012825.1_ASM1282v1
Bacteroides
4066 ORFS output into data/orfs/Bacteroides/GCA_000012825.1_ASM1282v1_orfs.fa./data/genomes/GCA_000012845.1_ASM1284v1_feature_table.txt
GCA_000012845.1_ASM1284v1
Parabacteroides
3851 ORFS output into data/orfs/Parabacteroides/GCA_000012845.1_ASM1284v1_orfs.fa./data/genomes/GCA_000013285.1_ASM1328v1_feature_table.txt
GCA_000013285.1_ASM1328v1
Clostridium
2877 ORFS output into data/orfs/Clostridium/GCA_000013285.1_ASM1328v1_orfs.fa./data/genomes/GCA_000013845.1_ASM1384v1_feature_table.txt
GCA_000013845.1_ASM1384v1
Clostridium
2620 ORFS output into data/orfs/Clostridium/GCA_000013845.1_ASM1384v1_orfs.fa./data/genomes/GCA_000014205.1_ASM1420v1_feature_table.txt
GCA_000014205.1_ASM1420v1
Streptococcus
2271 ORFS output into data/orfs/Streptococcus/GCA_000014205.1_ASM1420v1_orfs.fa./data/genomes/GCA_000016945.1_ASM1694v1_feature_table.txt
GCA_000016945.1_ASM1694v1
Yersinia
4325 ORFS output into data/orfs/Yersinia/GCA_000016945.1_ASM1694v1_orfs.fa./data/genomes/GCA_000016965.1_ASM1696v1_feature_table.txt
GCA_000016965.1_ASM1696v1
Clostridium
5021 ORFS output into data/orfs/Clostridium/GCA_000016965.1_ASM1696v1_orfs.fa./data/genomes/GCA_000017005.1_ASM1700v1_feature_table.txt
GCA_000017005.1_ASM1700v1
Streptococcus
2052 ORFS output into data/orfs/Streptococcus/GCA_000017005.1_ASM1700v1_orfs.fa./data/genomes/GCA_000018085.1_ASM1808v1_feature_table.txt
GCA_000018085.1_ASM1808v1
Serratia
4943 ORFS output into data/orfs/Serratia/GCA_000018085.1_ASM1808v1_orfs.fa./data/genomes/GCA_000018685.1_ASM1868v1_feature_table.txt
GCA_000018685.1_ASM1868v1
Clostridium
3903 ORFS output into data/orfs/Clostridium/GCA_000018685.1_ASM1868v1_orfs.fa./data/genomes/GCA_000020225.1_ASM2022v1_feature_table.txt
GCA_000020225.1_ASM2022v1
Akkermansia
2139 ORFS output into data/orfs/Akkermansia/GCA_000020225.1_ASM2022v1_orfs.fa./data/genomes/GCA_000020605.1_ASM2060v1_feature_table.txt
GCA_000020605.1_ASM2060v1
Eubacterium
3627 ORFS output into data/orfs/Eubacterium/GCA_000020605.1_ASM2060v1_orfs.fa./data/genomes/GCA_000021425.1_ASM2142v1_feature_table.txt
GCA_000021425.1_ASM2142v1
Bifidobacterium
1529 ORFS output into data/orfs/Bifidobacterium/GCA_000021425.1_ASM2142v1_orfs.fa./data/genomes/GCA_000022065.1_ASM2206v1_feature_table.txt
GCA_000022065.1_ASM2206v1
Clostridium
3391 ORFS output into data/orfs/Clostridium/GCA_000022065.1_ASM2206v1_orfs.fa./data/genomes/GCA_000022125.1_ASM2212v1_feature_table.txt
GCA_000022125.1_ASM2212v1
Desulfovibrio
2357 ORFS output into data/orfs/Desulfovibrio/GCA_000022125.1_ASM2212v1_orfs.fa./data/genomes/GCA_000022245.1_ASM2224v1_feature_table.txt
GCA_000022245.1_ASM2224v1
Shigella
4707 ORFS output into data/orfs/Shigella/GCA_000022245.1_ASM2224v1_orfs.fa./data/genomes/GCA_000022705.1_ASM2270v1_feature_table.txt
GCA_000022705.1_ASM2270v1
Bifidobacterium
1568 ORFS output into data/orfs/Bifidobacterium/GCA_000022705.1_ASM2270v1_orfs.fa./data/genomes/GCA_000022805.1_ASM2280v1_feature_table.txt
GCA_000022805.1_ASM2280v1
Yersinia
3784 ORFS output into data/orfs/Yersinia/GCA_000022805.1_ASM2280v1_orfs.fa./data/genomes/GCA_000023605.1_ASM2360v1_feature_table.txt
GCA_000023605.1_ASM2360v1
Pectobacterium
4247 ORFS output into data/orfs/Pectobacterium/GCA_000023605.1_ASM2360v1_orfs.fa./data/genomes/GCA_000023885.1_ASM2388v1_feature_table.txt
GCA_000023885.1_ASM2388v1
Slackia
2766 ORFS output into data/orfs/Slackia/GCA_000023885.1_ASM2388v1_orfs.fa./data/genomes/GCA_000024265.1_ASM2426v1_feature_table.txt
GCA_000024265.1_ASM2426v1
Eggerthella
3071 ORFS output into data/orfs/Eggerthella/GCA_000024265.1_ASM2426v1_orfs.fa./data/genomes/GCA_000024445.1_ASM2444v1_feature_table.txt
GCA_000024445.1_ASM2444v1
Bifidobacterium
2130 ORFS output into data/orfs/Bifidobacterium/GCA_000024445.1_ASM2444v1_orfs.fa./data/genomes/GCA_000024945.1_ASM2494v1_feature_table.txt
GCA_000024945.1_ASM2494v1
Veillonella
1845 ORFS output into data/orfs/Veillonella/GCA_000024945.1_ASM2494v1_orfs.fa./data/genomes/GCA_000025305.1_ASM2530v1_feature_table.txt
GCA_000025305.1_ASM2530v1
Acidaminococcus
2027 ORFS output into data/orfs/Acidaminococcus/GCA_000025305.1_ASM2530v1_orfs.fa./data/genomes/GCA_000026225.1_ASM2622v1_feature_table.txt
GCA_000026225.1_ASM2622v1
Escherichia
4378 ORFS output into data/orfs/Escherichia/GCA_000026225.1_ASM2622v1_orfs.fa./data/genomes/GCA_000026725.1_ASM2672v1_feature_table.txt
GCA_000026725.1_ASM2672v1
Streptococcus
1986 ORFS output into data/orfs/Streptococcus/GCA_000026725.1_ASM2672v1_orfs.fa./data/genomes/GCA_000027165.1_ASM2716v1_feature_table.txt
GCA_000027165.1_ASM2716v1
Streptococcus
2019 ORFS output into data/orfs/Streptococcus/GCA_000027165.1_ASM2716v1_orfs.fa./data/genomes/GCA_000069965.1_ASM6996v1_feature_table.txt
GCA_000069965.1_ASM6996v1
Proteus
3741 ORFS output into data/orfs/Proteus/GCA_000069965.1_ASM6996v1_orfs.fa./data/genomes/GCA_000087965.1_ASM8796v1_feature_table.txt
GCA_000087965.1_ASM8796v1
Xanthomonas
3209 ORFS output into data/orfs/Xanthomonas/GCA_000087965.1_ASM8796v1_orfs.fa./data/genomes/GCA_000091905.1_ASM9190v1_feature_table.txt
GCA_000091905.1_ASM9190v1
Streptococcus
1909 ORFS output into data/orfs/Streptococcus/GCA_000091905.1_ASM9190v1_orfs.fa./data/genomes/GCA_000092325.1_ASM9232v1_feature_table.txt
GCA_000092325.1_ASM9232v1
Bifidobacterium
1960 ORFS output into data/orfs/Bifidobacterium/GCA_000092325.1_ASM9232v1_orfs.fa./data/genomes/GCA_000092765.1_ASM9276v1_feature_table.txt
GCA_000092765.1_ASM9276v1
Bifidobacterium
1573 ORFS output into data/orfs/Bifidobacterium/GCA_000092765.1_ASM9276v1_orfs.fa./data/genomes/GCA_000143225.1_ASM14322v1_feature_table.txt
GCA_000143225.1_ASM14322v1
Herbaspirillum
4738 ORFS output into data/orfs/Herbaspirillum/GCA_000143225.1_ASM14322v1_orfs.fa./data/genomes/GCA_000143435.1_ASM14343v1_feature_table.txt
GCA_000143435.1_ASM14343v1
Lactobacillus
1553 ORFS output into data/orfs/Lactobacillus/GCA_000143435.1_ASM14343v1_orfs.fa./data/genomes/GCA_000144405.1_ASM14440v1_feature_table.txt
GCA_000144405.1_ASM14440v1
Prevotella
2297 ORFS output into data/orfs/Prevotella/GCA_000144405.1_ASM14440v1_orfs.fa./data/genomes/GCA_000144625.1_ASM14462v1_feature_table.txt
GCA_000144625.1_ASM14462v1
Clostridium
4155 ORFS output into data/orfs/Clostridium/GCA_000144625.1_ASM14462v1_orfs.fa./data/genomes/GCA_000144975.1_ASM14497v1_feature_table.txt
GCA_000144975.1_ASM14497v1
Burkholderiales
2378 ORFS output into data/orfs/Burkholderiales/GCA_000144975.1_ASM14497v1_orfs.fa./data/genomes/GCA_000145315.2_Desulfovibrio_sp3_1_syn3_V2_feature_table.txt
GCA_000145315.2_Desulfovibrio_sp3_1_syn3_V2
Desulfovibrio
3097 ORFS output into data/orfs/Desulfovibrio/GCA_000145315.2_Desulfovibrio_sp3_1_syn3_V2_orfs.fa./data/genomes/GCA_000146185.1_ASM14618v1_feature_table.txt
GCA_000146185.1_ASM14618v1
Eubacterium
2766 ORFS output into data/orfs/Eubacterium/GCA_000146185.1_ASM14618v1_orfs.fa./data/genomes/GCA_000146775.1_ASM14677v1_feature_table.txt
GCA_000146775.1_ASM14677v1
Bifidobacterium
2337 ORFS output into data/orfs/Bifidobacterium/GCA_000146775.1_ASM14677v1_orfs.fa./data/genomes/GCA_000148505.2_ASM14850v1_feature_table.txt
GCA_000148505.2_ASM14850v1
Streptococcus
1759 ORFS output into data/orfs/Streptococcus/GCA_000148505.2_ASM14850v1_orfs.fa./data/genomes/GCA_000148935.1_ASM14893v1_feature_table.txt
GCA_000148935.1_ASM14893v1
Pantoea
4592 ORFS output into data/orfs/Pantoea/GCA_000148935.1_ASM14893v1_orfs.fa./data/genomes/GCA_000149165.2_ASM14916v1_feature_table.txt
GCA_000149165.2_ASM14916v1
Bifidobacterium
2279 ORFS output into data/orfs/Bifidobacterium/GCA_000149165.2_ASM14916v1_orfs.fa./data/genomes/GCA_000153545.1_ASM15354v1_feature_table.txt
GCA_000153545.1_ASM15354v1
Sphingomonas
3915 ORFS output into data/orfs/Sphingomonas/GCA_000153545.1_ASM15354v1_orfs.fa./data/genomes/GCA_000153625.1_ASM15362v1_feature_table.txt
GCA_000153625.1_ASM15362v1
Fusobacterium
2374 ORFS output into data/orfs/Fusobacterium/GCA_000153625.1_ASM15362v1_orfs.fa./data/genomes/GCA_000153885.1_ASM15388v1_feature_table.txt
GCA_000153885.1_ASM15388v1
Eubacterium
2803 ORFS output into data/orfs/Eubacterium/GCA_000153885.1_ASM15388v1_orfs.fa./data/genomes/GCA_000153905.1_ASM15390v1_feature_table.txt
GCA_000153905.1_ASM15390v1
Ruminococcus
4176 ORFS output into data/orfs/Ruminococcus/GCA_000153905.1_ASM15390v1_orfs.fa./data/genomes/GCA_000153925.1_ASM15392v1_feature_table.txt
GCA_000153925.1_ASM15392v1
Ruminococcus
2876 ORFS output into data/orfs/Ruminococcus/GCA_000153925.1_ASM15392v1_orfs.fa./data/genomes/GCA_000154065.1_ASM15406v1_feature_table.txt
GCA_000154065.1_ASM15406v1
Dorea
2971 ORFS output into data/orfs/Dorea/GCA_000154065.1_ASM15406v1_orfs.fa./data/genomes/GCA_000154085.1_ASM15408v1_feature_table.txt
GCA_000154085.1_ASM15408v1
Bifidobacterium
2429 ORFS output into data/orfs/Bifidobacterium/GCA_000154085.1_ASM15408v1_orfs.fa./data/genomes/GCA_000154105.1_ASM15410v1_feature_table.txt
GCA_000154105.1_ASM15410v1
Parabacteroides
4385 ORFS output into data/orfs/Parabacteroides/GCA_000154105.1_ASM15410v1_orfs.fa./data/genomes/GCA_000154125.1_ASM15412v1_feature_table.txt
GCA_000154125.1_ASM15412v1
Bacteroides
5537 ORFS output into data/orfs/Bacteroides/GCA_000154125.1_ASM15412v1_orfs.fa./data/genomes/GCA_000154205.1_ASM15420v1_feature_table.txt
GCA_000154205.1_ASM15420v1
Bacteroides
4664 ORFS output into data/orfs/Bacteroides/GCA_000154205.1_ASM15420v1_orfs.fa./data/genomes/GCA_000154245.1_ASM15424v1_feature_table.txt
GCA_000154245.1_ASM15424v1
Clostridium
2950 ORFS output into data/orfs/Clostridium/GCA_000154245.1_ASM15424v1_orfs.fa./data/genomes/GCA_000154345.1_ASM15434v1_feature_table.txt
GCA_000154345.1_ASM15434v1
Clostridium
3924 ORFS output into data/orfs/Clostridium/GCA_000154345.1_ASM15434v1_orfs.fa./data/genomes/GCA_000154365.1_ASM15436v1_feature_table.txt
GCA_000154365.1_ASM15436v1
Clostridium
7285 ORFS output into data/orfs/Clostridium/GCA_000154365.1_ASM15436v1_orfs.fa./data/genomes/GCA_000154385.1_ASM15438v1_feature_table.txt
GCA_000154385.1_ASM15438v1
Faecalibacterium
